<?xml version="1.0" encoding="UTF-8"?>
<!-- Generated by org.testng.reporters.JUnitXMLReporter -->
<testsuite hostname="G1C2ML14206" ignored="0" name="Test" tests="1" failures="0" timestamp="03 Sep 2018 10:02:23 GMT" time="72.03" errors="0">
  <testcase name="mainControll on maven_testing_framework.framework.Main[,0,0,0x0,invalid,layout=java.awt.FlowLayout,alignmentX=0.0,alignmentY=0.0,border=,flags=9,maximumSize=,minimumSize=,preferredSize=]" time="70.234" classname="maven_testing_framework.framework.Main"/>
</testsuite> <!-- Test -->
